<?xml version="1.0" encoding="UTF-8"?>
<!-- Generated by org.testng.reporters.JUnitReportReporter -->
<testsuite hostname="DESKTOP-1TLVIV2" failures="0" tests="3" name="testscenarios.TC001_Login" time="15.382" errors="0" timestamp="2025-06-23T02:49:51 IST" skipped="0">
  <testcase classname="testscenarios.TC001_Login" name="loginFieldValidation" time="0.133"/>
  <testcase classname="testscenarios.TC001_Login" name="loginWithValidCredentials" time="14.636"/>
  <testcase classname="testscenarios.TC001_Login" name="loginWithInValidCredentials" time="0.613"/>
</testsuite> <!-- testscenarios.TC001_Login -->
