<?xml version="1.0" encoding="UTF-8"?>
<!-- Generated by org.testng.reporters.JUnitReportReporter -->
<testsuite hostname="BATSY" failures="0" tests="2" name="testscenarios.TC004_DeleteLead" time="23.554" errors="0" timestamp="2025-07-03T01:22:51 IST" skipped="0">
  <testcase classname="testscenarios.TC004_DeleteLead" name="mVerifyLeadExists" time="18.316"/>
  <testcase classname="testscenarios.TC004_DeleteLead" name="mDeleteLead" time="5.238"/>
</testsuite> <!-- testscenarios.TC004_DeleteLead -->
