<?xml version="1.0" encoding="UTF-8"?>
<!-- Generated by org.testng.reporters.JUnitReportReporter -->
<testsuite hostname="DESKTOP-1TLVIV2" failures="0" tests="3" name="testscenarios.TC001_Login" time="19.637" errors="0" timestamp="2025-06-27T01:32:00 IST" skipped="0">
  <testcase classname="testscenarios.TC001_Login" name="loginFieldValidation" time="1.037"/>
  <testcase classname="testscenarios.TC001_Login" name="loginWithValidCredentials" time="16.838"/>
  <testcase classname="testscenarios.TC001_Login" name="loginWithInValidCredentials" time="1.762"/>
</testsuite> <!-- testscenarios.TC001_Login -->
