<?xml version="1.0" encoding="UTF-8"?>
<!-- Generated by org.testng.reporters.JUnitReportReporter -->
<testsuite hostname="BATSY" failures="0" tests="1" name="testscenarios.TC002_CreateLead" time="32.270" errors="0" timestamp="2025-07-02T16:30:49 IST" skipped="0">
  <testcase classname="testscenarios.TC002_CreateLead" name="createSalesLeadWithMandatoryFields" time="32.270"/>
</testsuite> <!-- testscenarios.TC002_CreateLead -->
