<?xml version="1.0" encoding="UTF-8"?>
<!-- Generated by org.testng.reporters.JUnitReportReporter -->
<testsuite hostname="DESKTOP-1TLVIV2" failures="0" tests="3" name="testscenarios.TC001_Login" time="16.246" errors="0" timestamp="2025-06-20T01:18:33 IST" skipped="0">
  <testcase classname="testscenarios.TC001_Login" name="loginFieldValidation" time="0.169"/>
  <testcase classname="testscenarios.TC001_Login" name="loginWithValidCredentials" time="15.301"/>
  <testcase classname="testscenarios.TC001_Login" name="loginWithInValidCredentials" time="0.776"/>
</testsuite> <!-- testscenarios.TC001_Login -->
