<?xml version="1.0" encoding="UTF-8"?>
<!-- Generated by org.testng.reporters.JUnitReportReporter -->
<testsuite hostname="DESKTOP-1TLVIV2" failures="0" tests="3" name="testscenarios.TC001_Login" time="20.778" errors="0" timestamp="2025-06-24T23:18:10 IST" skipped="0">
  <testcase classname="testscenarios.TC001_Login" name="loginFieldValidation" time="1.125"/>
  <testcase classname="testscenarios.TC001_Login" name="loginWithValidCredentials" time="18.297"/>
  <testcase classname="testscenarios.TC001_Login" name="loginWithInValidCredentials" time="1.356"/>
</testsuite> <!-- testscenarios.TC001_Login -->
