<?xml version="1.0" encoding="UTF-8"?>
<!-- Generated by org.testng.reporters.JUnitReportReporter -->
<testsuite hostname="DESKTOP-1TLVIV2" failures="0" tests="1" name="testscenarios.TC002_CreateLead" time="28.437" errors="0" timestamp="2025-06-23T02:49:51 IST" skipped="0">
  <testcase classname="testscenarios.TC002_CreateLead" name="createSalesLeadWithMandatoryFields" time="28.437"/>
</testsuite> <!-- testscenarios.TC002_CreateLead -->
