<?xml version="1.0" encoding="UTF-8"?>
<!-- Generated by org.testng.reporters.JUnitReportReporter -->
<testsuite hostname="BATSY" failures="0" tests="3" name="testscenarios.TC001_Login" time="18.666" errors="0" timestamp="2025-07-03T00:29:16 IST" skipped="0">
  <testcase classname="testscenarios.TC001_Login" name="loginFieldValidation" time="0.870"/>
  <testcase classname="testscenarios.TC001_Login" name="loginWithValidCredentials" time="16.553"/>
  <testcase classname="testscenarios.TC001_Login" name="loginWithInValidCredentials" time="1.243"/>
</testsuite> <!-- testscenarios.TC001_Login -->
