<?xml version="1.0" encoding="UTF-8"?>
<!-- Generated by org.testng.reporters.JUnitReportReporter -->
<testsuite hostname="DESKTOP-1TLVIV2" failures="0" tests="1" name="testscenarios.TC003_EditLead" time="32.942" errors="0" timestamp="2025-06-29T02:32:12 IST" skipped="0">
  <testcase classname="testscenarios.TC003_EditLead" name="editSalesLead" time="32.942"/>
</testsuite> <!-- testscenarios.TC003_EditLead -->
